<?xml version="1.0" encoding="UTF-8"?>
<!-- Generated by org.testng.reporters.JUnitReportReporter -->
<testsuite hostname="SIPL92" failures="0" tests="1" name="fdxCIL_OrderProcess.LOC" time="141.219" errors="0" timestamp="2023-01-09T12:29:46 IST" skipped="0">
  <testcase classname="fdxCIL_OrderProcess.LOC" name="FedExLOC" time="141.219"/>
  <system-out/>
</testsuite> <!-- fdxCIL_OrderProcess.LOC -->
