<?xml version="1.0" encoding="UTF-8"?>
<!-- Generated by org.testng.reporters.JUnitReportReporter -->
<testsuite hostname="SIPL92" failures="0" tests="1" name="fdxCIL_OrderProcess.SD" time="270.566" errors="0" timestamp="2023-01-10T10:59:08 IST" skipped="0">
  <testcase classname="fdxCIL_OrderProcess.SD" name="FedExSD" time="270.566"/>
  <system-out/>
</testsuite> <!-- fdxCIL_OrderProcess.SD -->
