<?xml version="1.0" encoding="UTF-8"?>
<!-- Generated by org.testng.reporters.JUnitReportReporter -->
<testsuite hostname="SIPL92" failures="0" tests="1" name="fdxCIL_OrderProcess.CPU" time="126.738" errors="0" timestamp="2023-01-09T12:25:39 IST" skipped="0">
  <testcase classname="fdxCIL_OrderProcess.CPU" name="FedExCpu" time="126.738"/>
  <system-out/>
</testsuite> <!-- fdxCIL_OrderProcess.CPU -->
