<?xml version="1.0" encoding="UTF-8"?>
<!-- Generated by org.testng.reporters.JUnitReportReporter -->
<testsuite hostname="SIPL92" failures="0" tests="1" name="fdxCIL_OrderProcess.LOC" time="180.797" errors="0" timestamp="2022-09-23T13:09:57 IST" skipped="0">
  <testcase classname="fdxCIL_OrderProcess.LOC" name="FedExLOC" time="180.797"/>
  <system-out/>
</testsuite> <!-- fdxCIL_OrderProcess.LOC -->
